This is pdfTeX, Version 3.14159265-2.6-1.40.16 (MiKTeX 2.9 64-bit) (preloaded format=pdflatex 2016.1.4)  22 FEB 2016 08:12
entering extended mode
**"E:/Dropbox/shared folders/gmm/uebung/exercises.tex"
("E:/Dropbox/shared folders/gmm/uebung/exercises.tex"
LaTeX2e <2015/10/01> patch level 2
Babel <3.9m> and hyphenation patterns for 69 languages loaded.
("C:\Program Files\MiKTeX 2.9\tex\latex\base\article.cls"
Document Class: article 2014/09/29 v1.4h Standard LaTeX document class
("C:\Program Files\MiKTeX 2.9\tex\latex\base\size10.clo"
File: size10.clo 2014/09/29 v1.4h Standard LaTeX file (size option)
)
\c@part=\count79
\c@section=\count80
\c@subsection=\count81
\c@subsubsection=\count82
\c@paragraph=\count83
\c@subparagraph=\count84
\c@figure=\count85
\c@table=\count86
\abovecaptionskip=\skip41
\belowcaptionskip=\skip42
\bibindent=\dimen102
)
("C:\Users\mutschler\AppData\Local\Programs\MiKTeX 2.9\tex\latex\answers\answer
s.sty"
Package: answers 2014/08/24 v2.16 Production of solution sheets in LaTeX2e

No answer files being produced
("C:\Program Files\MiKTeX 2.9\tex\latex\tools\verbatim.sty"
Package: verbatim 2014/10/28 v1.5q LaTeX2e package for verbatim enhancements
\every@verbatim=\toks14
\verbatim@line=\toks15
\verbatim@in@stream=\read1
))
\c@Solution=\count87

("C:\Program Files\MiKTeX 2.9\tex\latex\base\fontenc.sty"
Package: fontenc 2005/09/27 v1.99g Standard LaTeX package

("C:\Program Files\MiKTeX 2.9\tex\latex\base\t1enc.def"
File: t1enc.def 2005/09/27 v1.99g Standard LaTeX file
LaTeX Font Info:    Redeclaring font encoding T1 on input line 48.
))
("C:\Program Files\MiKTeX 2.9\tex\latex\base\inputenc.sty"
Package: inputenc 2015/03/17 v1.2c Input encoding file
\inpenc@prehook=\toks16
\inpenc@posthook=\toks17

("C:\Program Files\MiKTeX 2.9\tex\latex\base\utf8.def"
File: utf8.def 2015/09/07 v1.1p UTF-8 support for inputenc
Now handling font encoding OML ...
... no UTF-8 mapping file for font encoding OML
Now handling font encoding T1 ...
... processing UTF-8 mapping file for font encoding T1

("C:\Program Files\MiKTeX 2.9\tex\latex\base\t1enc.dfu"
File: t1enc.dfu 2015/09/07 v1.1p UTF-8 support for inputenc
   defining Unicode char U+00A0 (decimal 160)
   defining Unicode char U+00A1 (decimal 161)
   defining Unicode char U+00A3 (decimal 163)
   defining Unicode char U+00AB (decimal 171)
   defining Unicode char U+00AD (decimal 173)
   defining Unicode char U+00BB (decimal 187)
   defining Unicode char U+00BF (decimal 191)
   defining Unicode char U+00C0 (decimal 192)
   defining Unicode char U+00C1 (decimal 193)
   defining Unicode char U+00C2 (decimal 194)
   defining Unicode char U+00C3 (decimal 195)
   defining Unicode char U+00C4 (decimal 196)
   defining Unicode char U+00C5 (decimal 197)
   defining Unicode char U+00C6 (decimal 198)
   defining Unicode char U+00C7 (decimal 199)
   defining Unicode char U+00C8 (decimal 200)
   defining Unicode char U+00C9 (decimal 201)
   defining Unicode char U+00CA (decimal 202)
   defining Unicode char U+00CB (decimal 203)
   defining Unicode char U+00CC (decimal 204)
   defining Unicode char U+00CD (decimal 205)
   defining Unicode char U+00CE (decimal 206)
   defining Unicode char U+00CF (decimal 207)
   defining Unicode char U+00D0 (decimal 208)
   defining Unicode char U+00D1 (decimal 209)
   defining Unicode char U+00D2 (decimal 210)
   defining Unicode char U+00D3 (decimal 211)
   defining Unicode char U+00D4 (decimal 212)
   defining Unicode char U+00D5 (decimal 213)
   defining Unicode char U+00D6 (decimal 214)
   defining Unicode char U+00D8 (decimal 216)
   defining Unicode char U+00D9 (decimal 217)
   defining Unicode char U+00DA (decimal 218)
   defining Unicode char U+00DB (decimal 219)
   defining Unicode char U+00DC (decimal 220)
   defining Unicode char U+00DD (decimal 221)
   defining Unicode char U+00DE (decimal 222)
   defining Unicode char U+00DF (decimal 223)
   defining Unicode char U+00E0 (decimal 224)
   defining Unicode char U+00E1 (decimal 225)
   defining Unicode char U+00E2 (decimal 226)
   defining Unicode char U+00E3 (decimal 227)
   defining Unicode char U+00E4 (decimal 228)
   defining Unicode char U+00E5 (decimal 229)
   defining Unicode char U+00E6 (decimal 230)
   defining Unicode char U+00E7 (decimal 231)
   defining Unicode char U+00E8 (decimal 232)
   defining Unicode char U+00E9 (decimal 233)
   defining Unicode char U+00EA (decimal 234)
   defining Unicode char U+00EB (decimal 235)
   defining Unicode char U+00EC (decimal 236)
   defining Unicode char U+00ED (decimal 237)
   defining Unicode char U+00EE (decimal 238)
   defining Unicode char U+00EF (decimal 239)
   defining Unicode char U+00F0 (decimal 240)
   defining Unicode char U+00F1 (decimal 241)
   defining Unicode char U+00F2 (decimal 242)
   defining Unicode char U+00F3 (decimal 243)
   defining Unicode char U+00F4 (decimal 244)
   defining Unicode char U+00F5 (decimal 245)
   defining Unicode char U+00F6 (decimal 246)
   defining Unicode char U+00F8 (decimal 248)
   defining Unicode char U+00F9 (decimal 249)
   defining Unicode char U+00FA (decimal 250)
   defining Unicode char U+00FB (decimal 251)
   defining Unicode char U+00FC (decimal 252)
   defining Unicode char U+00FD (decimal 253)
   defining Unicode char U+00FE (decimal 254)
   defining Unicode char U+00FF (decimal 255)
   defining Unicode char U+0102 (decimal 258)
   defining Unicode char U+0103 (decimal 259)
   defining Unicode char U+0104 (decimal 260)
   defining Unicode char U+0105 (decimal 261)
   defining Unicode char U+0106 (decimal 262)
   defining Unicode char U+0107 (decimal 263)
   defining Unicode char U+010C (decimal 268)
   defining Unicode char U+010D (decimal 269)
   defining Unicode char U+010E (decimal 270)
   defining Unicode char U+010F (decimal 271)
   defining Unicode char U+0110 (decimal 272)
   defining Unicode char U+0111 (decimal 273)
   defining Unicode char U+0118 (decimal 280)
   defining Unicode char U+0119 (decimal 281)
   defining Unicode char U+011A (decimal 282)
   defining Unicode char U+011B (decimal 283)
   defining Unicode char U+011E (decimal 286)
   defining Unicode char U+011F (decimal 287)
   defining Unicode char U+0130 (decimal 304)
   defining Unicode char U+0131 (decimal 305)
   defining Unicode char U+0132 (decimal 306)
   defining Unicode char U+0133 (decimal 307)
   defining Unicode char U+0139 (decimal 313)
   defining Unicode char U+013A (decimal 314)
   defining Unicode char U+013D (decimal 317)
   defining Unicode char U+013E (decimal 318)
   defining Unicode char U+0141 (decimal 321)
   defining Unicode char U+0142 (decimal 322)
   defining Unicode char U+0143 (decimal 323)
   defining Unicode char U+0144 (decimal 324)
   defining Unicode char U+0147 (decimal 327)
   defining Unicode char U+0148 (decimal 328)
   defining Unicode char U+014A (decimal 330)
   defining Unicode char U+014B (decimal 331)
   defining Unicode char U+0150 (decimal 336)
   defining Unicode char U+0151 (decimal 337)
   defining Unicode char U+0152 (decimal 338)
   defining Unicode char U+0153 (decimal 339)
   defining Unicode char U+0154 (decimal 340)
   defining Unicode char U+0155 (decimal 341)
   defining Unicode char U+0158 (decimal 344)
   defining Unicode char U+0159 (decimal 345)
   defining Unicode char U+015A (decimal 346)
   defining Unicode char U+015B (decimal 347)
   defining Unicode char U+015E (decimal 350)
   defining Unicode char U+015F (decimal 351)
   defining Unicode char U+0160 (decimal 352)
   defining Unicode char U+0161 (decimal 353)
   defining Unicode char U+0162 (decimal 354)
   defining Unicode char U+0163 (decimal 355)
   defining Unicode char U+0164 (decimal 356)
   defining Unicode char U+0165 (decimal 357)
   defining Unicode char U+016E (decimal 366)
   defining Unicode char U+016F (decimal 367)
   defining Unicode char U+0170 (decimal 368)
   defining Unicode char U+0171 (decimal 369)
   defining Unicode char U+0174 (decimal 372)
   defining Unicode char U+0175 (decimal 373)
   defining Unicode char U+0176 (decimal 374)
   defining Unicode char U+0177 (decimal 375)
   defining Unicode char U+0178 (decimal 376)
   defining Unicode char U+0179 (decimal 377)
   defining Unicode char U+017A (decimal 378)
   defining Unicode char U+017B (decimal 379)
   defining Unicode char U+017C (decimal 380)
   defining Unicode char U+017D (decimal 381)
   defining Unicode char U+017E (decimal 382)
   defining Unicode char U+0218 (decimal 536)
   defining Unicode char U+0219 (decimal 537)
   defining Unicode char U+021A (decimal 538)
   defining Unicode char U+021B (decimal 539)
   defining Unicode char U+200C (decimal 8204)
   defining Unicode char U+2013 (decimal 8211)
   defining Unicode char U+2014 (decimal 8212)
   defining Unicode char U+2018 (decimal 8216)
   defining Unicode char U+2019 (decimal 8217)
   defining Unicode char U+201A (decimal 8218)
   defining Unicode char U+201C (decimal 8220)
   defining Unicode char U+201D (decimal 8221)
   defining Unicode char U+201E (decimal 8222)
   defining Unicode char U+2030 (decimal 8240)
   defining Unicode char U+2031 (decimal 8241)
   defining Unicode char U+2039 (decimal 8249)
   defining Unicode char U+203A (decimal 8250)
   defining Unicode char U+2423 (decimal 9251)
)
Now handling font encoding OT1 ...
... processing UTF-8 mapping file for font encoding OT1

("C:\Program Files\MiKTeX 2.9\tex\latex\base\ot1enc.dfu"
File: ot1enc.dfu 2015/09/07 v1.1p UTF-8 support for inputenc
   defining Unicode char U+00A0 (decimal 160)
   defining Unicode char U+00A1 (decimal 161)
   defining Unicode char U+00A3 (decimal 163)
   defining Unicode char U+00AD (decimal 173)
   defining Unicode char U+00B8 (decimal 184)
   defining Unicode char U+00BF (decimal 191)
   defining Unicode char U+00C5 (decimal 197)
   defining Unicode char U+00C6 (decimal 198)
   defining Unicode char U+00D8 (decimal 216)
   defining Unicode char U+00DF (decimal 223)
   defining Unicode char U+00E6 (decimal 230)
   defining Unicode char U+00EC (decimal 236)
   defining Unicode char U+00ED (decimal 237)
   defining Unicode char U+00EE (decimal 238)
   defining Unicode char U+00EF (decimal 239)
   defining Unicode char U+00F8 (decimal 248)
   defining Unicode char U+0131 (decimal 305)
   defining Unicode char U+0141 (decimal 321)
   defining Unicode char U+0142 (decimal 322)
   defining Unicode char U+0152 (decimal 338)
   defining Unicode char U+0153 (decimal 339)
   defining Unicode char U+0174 (decimal 372)
   defining Unicode char U+0175 (decimal 373)
   defining Unicode char U+0176 (decimal 374)
   defining Unicode char U+0177 (decimal 375)
   defining Unicode char U+0218 (decimal 536)
   defining Unicode char U+0219 (decimal 537)
   defining Unicode char U+021A (decimal 538)
   defining Unicode char U+021B (decimal 539)
   defining Unicode char U+2013 (decimal 8211)
   defining Unicode char U+2014 (decimal 8212)
   defining Unicode char U+2018 (decimal 8216)
   defining Unicode char U+2019 (decimal 8217)
   defining Unicode char U+201C (decimal 8220)
   defining Unicode char U+201D (decimal 8221)
)
Now handling font encoding OMS ...
... processing UTF-8 mapping file for font encoding OMS

("C:\Program Files\MiKTeX 2.9\tex\latex\base\omsenc.dfu"
File: omsenc.dfu 2015/09/07 v1.1p UTF-8 support for inputenc
   defining Unicode char U+00A7 (decimal 167)
   defining Unicode char U+00B6 (decimal 182)
   defining Unicode char U+00B7 (decimal 183)
   defining Unicode char U+2020 (decimal 8224)
   defining Unicode char U+2021 (decimal 8225)
   defining Unicode char U+2022 (decimal 8226)
)
Now handling font encoding OMX ...
... no UTF-8 mapping file for font encoding OMX
Now handling font encoding U ...
... no UTF-8 mapping file for font encoding U
   defining Unicode char U+00A9 (decimal 169)
   defining Unicode char U+00AA (decimal 170)
   defining Unicode char U+00AE (decimal 174)
   defining Unicode char U+00BA (decimal 186)
   defining Unicode char U+02C6 (decimal 710)
   defining Unicode char U+02DC (decimal 732)
   defining Unicode char U+200C (decimal 8204)
   defining Unicode char U+2026 (decimal 8230)
   defining Unicode char U+2122 (decimal 8482)
   defining Unicode char U+2423 (decimal 9251)
))
("C:\Program Files\MiKTeX 2.9\tex\generic\babel\babel.sty"
Package: babel 2015/08/03 3.9m The Babel package

*************************************
* Local config file bblopts.cfg used
*
("C:\Program Files\MiKTeX 2.9\tex\latex\00miktex\bblopts.cfg"
File: bblopts.cfg 2006/07/31 v1.0 MiKTeX 'babel' configuration
)
("C:\Users\mutschler\AppData\Local\Programs\MiKTeX 2.9\tex\latex\babel-english\
english.ldf"
Language: english 2012/08/20 v3.3p English support from the babel system
 ("C:\Program Files\MiKTeX 2.9\tex\generic\babel\babel.def"
File: babel.def 2015/08/03 3.9m Babel common definitions
\babel@savecnt=\count88
\U@D=\dimen103
)
\l@canadian = a dialect from \language\l@american 
\l@australian = a dialect from \language\l@british 
\l@newzealand = a dialect from \language\l@british 
))
("C:\Program Files\MiKTeX 2.9\tex\latex\geometry\geometry.sty"
Package: geometry 2010/09/12 v5.6 Page Geometry

("C:\Program Files\MiKTeX 2.9\tex\latex\graphics\keyval.sty"
Package: keyval 2014/10/28 v1.15 key=value parser (DPC)
\KV@toks@=\toks18
)
("C:\Program Files\MiKTeX 2.9\tex\generic\oberdiek\ifpdf.sty"
Package: ifpdf 2011/01/30 v2.3 Provides the ifpdf switch (HO)
Package ifpdf Info: pdfTeX in PDF mode is detected.
)
("C:\Program Files\MiKTeX 2.9\tex\generic\oberdiek\ifvtex.sty"
Package: ifvtex 2010/03/01 v1.5 Detect VTeX and its facilities (HO)
Package ifvtex Info: VTeX not detected.
)
("C:\Program Files\MiKTeX 2.9\tex\generic\ifxetex\ifxetex.sty"
Package: ifxetex 2010/09/12 v0.6 Provides ifxetex conditional
)
\Gm@cnth=\count89
\Gm@cntv=\count90
\c@Gm@tempcnt=\count91
\Gm@bindingoffset=\dimen104
\Gm@wd@mp=\dimen105
\Gm@odd@mp=\dimen106
\Gm@even@mp=\dimen107
\Gm@layoutwidth=\dimen108
\Gm@layoutheight=\dimen109
\Gm@layouthoffset=\dimen110
\Gm@layoutvoffset=\dimen111
\Gm@dimlist=\toks19

("C:\Program Files\MiKTeX 2.9\tex\latex\geometry\geometry.cfg"))
("C:\Program Files\MiKTeX 2.9\tex\latex\hyperref\hyperref.sty"
Package: hyperref 2012/11/06 v6.83m Hypertext links for LaTeX

("C:\Program Files\MiKTeX 2.9\tex\generic\oberdiek\hobsub-hyperref.sty"
Package: hobsub-hyperref 2012/04/25 v1.12 Bundle oberdiek, subset hyperref (HO)


("C:\Program Files\MiKTeX 2.9\tex\generic\oberdiek\hobsub-generic.sty"
Package: hobsub-generic 2012/04/25 v1.12 Bundle oberdiek, subset generic (HO)
Package: hobsub 2012/04/25 v1.12 Construct package bundles (HO)
Package: infwarerr 2010/04/08 v1.3 Providing info/warning/error messages (HO)
Package: ltxcmds 2011/11/09 v1.22 LaTeX kernel commands for general use (HO)
Package: ifluatex 2010/03/01 v1.3 Provides the ifluatex switch (HO)
Package ifluatex Info: LuaTeX not detected.
Package hobsub Info: Skipping package `ifvtex' (already loaded).
Package: intcalc 2007/09/27 v1.1 Expandable calculations with integers (HO)
Package hobsub Info: Skipping package `ifpdf' (already loaded).
Package: etexcmds 2011/02/16 v1.5 Avoid name clashes with e-TeX commands (HO)
Package etexcmds Info: Could not find \expanded.
(etexcmds)             That can mean that you are not using pdfTeX 1.50 or
(etexcmds)             that some package has redefined \expanded.
(etexcmds)             In the latter case, load this package earlier.
Package: kvsetkeys 2012/04/25 v1.16 Key value parser (HO)
Package: kvdefinekeys 2011/04/07 v1.3 Define keys (HO)
Package: pdftexcmds 2011/11/29 v0.20 Utility functions of pdfTeX for LuaTeX (HO
)
Package pdftexcmds Info: LuaTeX not detected.
Package pdftexcmds Info: \pdf@primitive is available.
Package pdftexcmds Info: \pdf@ifprimitive is available.
Package pdftexcmds Info: \pdfdraftmode found.
Package: pdfescape 2011/11/25 v1.13 Implements pdfTeX's escape features (HO)
Package: bigintcalc 2012/04/08 v1.3 Expandable calculations on big integers (HO
)
Package: bitset 2011/01/30 v1.1 Handle bit-vector datatype (HO)
Package: uniquecounter 2011/01/30 v1.2 Provide unlimited unique counter (HO)
)
Package hobsub Info: Skipping package `hobsub' (already loaded).
Package: letltxmacro 2010/09/02 v1.4 Let assignment for LaTeX macros (HO)
Package: hopatch 2011/06/24 v1.1 Wrapper for package hooks (HO)
Package: xcolor-patch 2011/01/30 xcolor patch
Package: atveryend 2011/06/30 v1.8 Hooks at the very end of document (HO)
Package atveryend Info: \enddocument detected (standard20110627).
Package: atbegshi 2011/10/05 v1.16 At begin shipout hook (HO)
Package: refcount 2011/10/16 v3.4 Data extraction from label references (HO)
Package: hycolor 2011/01/30 v1.7 Color options for hyperref/bookmark (HO)
)
("C:\Program Files\MiKTeX 2.9\tex\latex\oberdiek\auxhook.sty"
Package: auxhook 2011/03/04 v1.3 Hooks for auxiliary files (HO)
)
("C:\Program Files\MiKTeX 2.9\tex\latex\oberdiek\kvoptions.sty"
Package: kvoptions 2011/06/30 v3.11 Key value format for package options (HO)
)
\@linkdim=\dimen112
\Hy@linkcounter=\count92
\Hy@pagecounter=\count93

("C:\Program Files\MiKTeX 2.9\tex\latex\hyperref\pd1enc.def"
File: pd1enc.def 2012/11/06 v6.83m Hyperref: PDFDocEncoding definition (HO)
Now handling font encoding PD1 ...
... no UTF-8 mapping file for font encoding PD1
)
\Hy@SavedSpaceFactor=\count94

("C:\Program Files\MiKTeX 2.9\tex\latex\00miktex\hyperref.cfg"
File: hyperref.cfg 2002/06/06 v1.2 hyperref configuration of TeXLive
)
Package hyperref Info: Hyper figures OFF on input line 4443.
Package hyperref Info: Link nesting OFF on input line 4448.
Package hyperref Info: Hyper index ON on input line 4451.
Package hyperref Info: Plain pages OFF on input line 4458.
Package hyperref Info: Backreferencing OFF on input line 4463.
Package hyperref Info: Implicit mode ON; LaTeX internals redefined.
Package hyperref Info: Bookmarks ON on input line 4688.
\c@Hy@tempcnt=\count95

("C:\Users\mutschler\AppData\Local\Programs\MiKTeX 2.9\tex\latex\url\url.sty"
\Urlmuskip=\muskip10
Package: url 2013/09/16  ver 3.4  Verb mode for urls, etc.
)
LaTeX Info: Redefining \url on input line 5041.
\XeTeXLinkMargin=\dimen113
\Fld@menulength=\count96
\Field@Width=\dimen114
\Fld@charsize=\dimen115
Package hyperref Info: Hyper figures OFF on input line 6295.
Package hyperref Info: Link nesting OFF on input line 6300.
Package hyperref Info: Hyper index ON on input line 6303.
Package hyperref Info: backreferencing OFF on input line 6310.
Package hyperref Info: Link coloring OFF on input line 6315.
Package hyperref Info: Link coloring with OCG OFF on input line 6320.
Package hyperref Info: PDF/A mode OFF on input line 6325.
LaTeX Info: Redefining \ref on input line 6365.
LaTeX Info: Redefining \pageref on input line 6369.
\Hy@abspage=\count97
\c@Item=\count98
\c@Hfootnote=\count99
)

Package hyperref Message: Driver (autodetected): hpdftex.

("C:\Program Files\MiKTeX 2.9\tex\latex\hyperref\hpdftex.def"
File: hpdftex.def 2012/11/06 v6.83m Hyperref driver for pdfTeX
\Fld@listcount=\count100
\c@bookmark@seq@number=\count101

("C:\Program Files\MiKTeX 2.9\tex\latex\oberdiek\rerunfilecheck.sty"
Package: rerunfilecheck 2011/04/15 v1.7 Rerun checks for auxiliary files (HO)
Package uniquecounter Info: New unique counter `rerunfilecheck' on input line 2
82.
)
\Hy@SectionHShift=\skip43
)
Package hyperref Info: Option `colorlinks' set `true' on input line 13.
Package hyperref Info: Option `plainpages' set `false' on input line 13.

("C:\Users\mutschler\AppData\Local\Programs\MiKTeX 2.9\tex\latex\fancyhdr\fancy
hdr.sty"
\fancy@headwidth=\skip44
\f@ncyO@elh=\skip45
\f@ncyO@erh=\skip46
\f@ncyO@olh=\skip47
\f@ncyO@orh=\skip48
\f@ncyO@elf=\skip49
\f@ncyO@erf=\skip50
\f@ncyO@olf=\skip51
\f@ncyO@orf=\skip52
) ("C:\Program Files\MiKTeX 2.9\tex\latex\amsfonts\amssymb.sty"
Package: amssymb 2013/01/14 v3.01 AMS font symbols

("C:\Program Files\MiKTeX 2.9\tex\latex\amsfonts\amsfonts.sty"
Package: amsfonts 2013/01/14 v3.01 Basic AMSFonts support
\@emptytoks=\toks20
\symAMSa=\mathgroup4
\symAMSb=\mathgroup5
LaTeX Font Info:    Overwriting math alphabet `\mathfrak' in version `bold'
(Font)                  U/euf/m/n --> U/euf/b/n on input line 106.
))
("C:\Program Files\MiKTeX 2.9\tex\latex\amsmath\amsmath.sty"
Package: amsmath 2013/01/14 v2.14 AMS math features
\@mathmargin=\skip53

For additional information on amsmath, use the `?' option.
("C:\Program Files\MiKTeX 2.9\tex\latex\amsmath\amstext.sty"
Package: amstext 2000/06/29 v2.01

("C:\Program Files\MiKTeX 2.9\tex\latex\amsmath\amsgen.sty"
File: amsgen.sty 1999/11/30 v2.0
\@emptytoks=\toks21
\ex@=\dimen116
))
("C:\Program Files\MiKTeX 2.9\tex\latex\amsmath\amsbsy.sty"
Package: amsbsy 1999/11/29 v1.2d
\pmbraise@=\dimen117
)
("C:\Program Files\MiKTeX 2.9\tex\latex\amsmath\amsopn.sty"
Package: amsopn 1999/12/14 v2.01 operator names
)
\inf@bad=\count102
LaTeX Info: Redefining \frac on input line 210.
\uproot@=\count103
\leftroot@=\count104
LaTeX Info: Redefining \overline on input line 306.
\classnum@=\count105
\DOTSCASE@=\count106
LaTeX Info: Redefining \ldots on input line 378.
LaTeX Info: Redefining \dots on input line 381.
LaTeX Info: Redefining \cdots on input line 466.
\Mathstrutbox@=\box26
\strutbox@=\box27
\big@size=\dimen118
LaTeX Font Info:    Redeclaring font encoding OML on input line 566.
LaTeX Font Info:    Redeclaring font encoding OMS on input line 567.
\macc@depth=\count107
\c@MaxMatrixCols=\count108
\dotsspace@=\muskip11
\c@parentequation=\count109
\dspbrk@lvl=\count110
\tag@help=\toks22
\row@=\count111
\column@=\count112
\maxfields@=\count113
\andhelp@=\toks23
\eqnshift@=\dimen119
\alignsep@=\dimen120
\tagshift@=\dimen121
\tagwidth@=\dimen122
\totwidth@=\dimen123
\lineht@=\dimen124
\@envbody=\toks24
\multlinegap=\skip54
\multlinetaggap=\skip55
\mathdisplay@stack=\toks25
LaTeX Info: Redefining \[ on input line 2665.
LaTeX Info: Redefining \] on input line 2666.
) (exercises.aux)
\openout1 = `exercises.aux'.

LaTeX Font Info:    Checking defaults for OML/cmm/m/it on input line 26.
LaTeX Font Info:    ... okay on input line 26.
LaTeX Font Info:    Checking defaults for T1/cmr/m/n on input line 26.
LaTeX Font Info:    ... okay on input line 26.
LaTeX Font Info:    Checking defaults for OT1/cmr/m/n on input line 26.
LaTeX Font Info:    ... okay on input line 26.
LaTeX Font Info:    Checking defaults for OMS/cmsy/m/n on input line 26.
LaTeX Font Info:    ... okay on input line 26.
LaTeX Font Info:    Checking defaults for OMX/cmex/m/n on input line 26.
LaTeX Font Info:    ... okay on input line 26.
LaTeX Font Info:    Checking defaults for U/cmr/m/n on input line 26.
LaTeX Font Info:    ... okay on input line 26.
LaTeX Font Info:    Checking defaults for PD1/pdf/m/n on input line 26.
LaTeX Font Info:    ... okay on input line 26.

*geometry* driver: auto-detecting
*geometry* detected driver: pdftex
*geometry* verbose mode - [ preamble ] result:
* driver: pdftex
* paper: a4paper
* layout: <same size as paper>
* layoutoffset:(h,v)=(0.0pt,0.0pt)
* modes: 
* h-part:(L,W,R)=(89.62709pt, 418.25368pt, 89.6271pt)
* v-part:(T,H,B)=(108.405pt, 628.23685pt, 108.405pt)
* \paperwidth=597.50787pt
* \paperheight=845.04684pt
* \textwidth=418.25368pt
* \textheight=628.23685pt
* \oddsidemargin=17.3571pt
* \evensidemargin=17.3571pt
* \topmargin=-0.86499pt
* \headheight=12.0pt
* \headsep=25.0pt
* \topskip=10.0pt
* \footskip=30.0pt
* \marginparwidth=65.0pt
* \marginparsep=11.0pt
* \columnsep=10.0pt
* \skip\footins=9.0pt plus 4.0pt minus 2.0pt
* \hoffset=0.0pt
* \voffset=0.0pt
* \mag=1000
* \@twocolumnfalse
* \@twosidefalse
* \@mparswitchfalse
* \@reversemarginfalse
* (1in=72.27pt=25.4mm, 1cm=28.453pt)

\AtBeginShipoutBox=\box28
("C:\Program Files\MiKTeX 2.9\tex\latex\graphics\color.sty"
Package: color 2014/10/28 v1.1a Standard LaTeX Color (DPC)

("C:\Program Files\MiKTeX 2.9\tex\latex\00miktex\color.cfg"
File: color.cfg 2007/01/18 v1.5 color configuration of teTeX/TeXLive
)
Package color Info: Driver file: pdftex.def on input line 142.

("C:\Program Files\MiKTeX 2.9\tex\latex\pdftex-def\pdftex.def"
File: pdftex.def 2011/05/27 v0.06d Graphics/color for pdfTeX
\Gread@gobject=\count114

("C:\Users\mutschler\AppData\Local\Programs\MiKTeX 2.9\tex\context\base\supp-pd
f.mkii"
[Loading MPS to PDF converter (version 2006.09.02).]
\scratchcounter=\count115
\scratchdimen=\dimen125
\scratchbox=\box29
\nofMPsegments=\count116
\nofMParguments=\count117
\everyMPshowfont=\toks26
\MPscratchCnt=\count118
\MPscratchDim=\dimen126
\MPnumerator=\count119
\makeMPintoPDFobject=\count120
\everyMPtoPDFconversion=\toks27
)))
Package hyperref Info: Link coloring ON on input line 26.
 ("C:\Program Files\MiKTeX 2.9\tex\latex\hyperref\nameref.sty"
Package: nameref 2012/10/27 v2.43 Cross-referencing by name of section

("C:\Program Files\MiKTeX 2.9\tex\generic\oberdiek\gettitlestring.sty"
Package: gettitlestring 2010/12/03 v1.4 Cleanup title references (HO)
)
\c@section@level=\count121
)
LaTeX Info: Redefining \ref on input line 26.
LaTeX Info: Redefining \pageref on input line 26.
LaTeX Info: Redefining \nameref on input line 26.

(exercises.out) (exercises.out)
\@outlinefile=\write3
\openout3 = `exercises.out'.

LaTeX Font Info:    Try loading font information for U+msa on input line 31.

("C:\Program Files\MiKTeX 2.9\tex\latex\amsfonts\umsa.fd"
File: umsa.fd 2013/01/14 v3.01 AMS symbols A
)
LaTeX Font Info:    Try loading font information for U+msb on input line 31.

("C:\Program Files\MiKTeX 2.9\tex\latex\amsfonts\umsb.fd"
File: umsb.fd 2013/01/14 v3.01 AMS symbols B
) [1

{C:/Users/mutschler/AppData/Local/MiKTeX/2.9/pdftex/config/pdftex.map}]
\ans@file=\write4
 (exercises.toc [2]
[3] [4])
\tf@toc=\write5
\openout5 = `exercises.toc'.

 [5]
LaTeX Font Info:    Try loading font information for OMS+cmr on input line 47.
 ("C:\Program Files\MiKTeX 2.9\tex\latex\base\omscmr.fd"
File: omscmr.fd 2014/09/29 v2.5h Standard LaTeX font definitions
)
LaTeX Font Info:    Font shape `OMS/cmr/m/n' in size <10> not available
(Font)              Font shape `OMS/cmsy/m/n' tried instead on input line 47.
LaTeX Font Info:    Try loading font information for T1+cmtt on input line 47.

("C:\Program Files\MiKTeX 2.9\tex\latex\base\t1cmtt.fd"
File: t1cmtt.fd 2014/09/29 v2.5h Standard LaTeX font definitions
)
Overfull \hbox (14.43697pt too wide) in paragraph at lines 56--57
\T1/cmr/m/n/10 workspace, load pack-ages and list and ma-nip-u-late some ob-jec
ts. For in-stance look at \T1/cmtt/m/n/10 Verschiedenes\T1/cmr/m/n/10 .
 []

pdfTeX warning (ext4): destination with the same identifier (name{page.1}) has 
been already used, duplicate ignored
<to be read again> 
                   \relax 
l.86 D
      uring the start R searches for two files in the current working direct...
[1]pdfTeX warning (ext4): destination with the same identifier (name{page.2}) h
as been already used, duplicate ignored
<to be read again> 
                   \relax 
l.137 
       [2]pdfTeX warning (ext4): destination with the same identifier (name{pag
e.3}) has been already used, duplicate ignored
<to be read again> 
                   \relax 
l.187 
       [3]pdfTeX warning (ext4): destination with the same identifier (name{pag
e.4}) has been already used, duplicate ignored
<to be read again> 
                   \relax 
l.242        \item \texttt
                          {install.packages("xlsx")} [4]
Overfull \hbox (38.38481pt too wide) in paragraph at lines 253--253
[]\T1/cmtt/m/n/10 #very important: JAVA needs to be installed on your computer 
otherwise you get an error[] 
 []

pdfTeX warning (ext4): destination with the same identifier (name{page.5}) has 
been already used, duplicate ignored
<to be read again> 
                   \relax 
l.289 I
       f you don't want to write the exact name of the file, simply use \tex...
[5] [6] [7]
Overfull \hbox (22.63866pt too wide) in paragraph at lines 426--426
[]\T1/cmtt/m/n/10 attributes(indices) # gives you a very good overview of the a
ttributes of the object[] 
 []

[8] [9]
Overfull \hbox (80.37456pt too wide) in paragraph at lines 533--533
[]\T1/cmtt/m/n/10 #Attention dim(rdax) doesn't work (dim(rdax)=NULL), so we hav
e to use the length of the vector.[] 
 []

[10] [11]
Overfull \hbox (59.37968pt too wide) in paragraph at lines 609--609
[]\T1/cmtt/m/n/10 plot(str,testscr,xlab="Student Teacher Ratio", ylab="Test Sco
re",main="CA Test Score Data")[] 
 []


Overfull \hbox (59.37968pt too wide) in paragraph at lines 613--613
[]\T1/cmtt/m/n/10 plot(str,testscr,xlab="Student Teacher Ratio", ylab="Test Sco
re",main="CA Test Score Data",[] 
 []


Overfull \hbox (69.87712pt too wide) in paragraph at lines 614--614
[]                                                                             
   \T1/cmtt/m/n/10 col="violet")[] 
 []


Overfull \hbox (59.37968pt too wide) in paragraph at lines 618--618
[]\T1/cmtt/m/n/10 plot(str,testscr,xlab="Student Teacher Ratio", ylab="Test Sco
re",main="CA Test Score Data")[] 
 []


Overfull \hbox (59.37968pt too wide) in paragraph at lines 623--623
[]\T1/cmtt/m/n/10 plot(str,testscr,xlab="Student Teacher Ratio", ylab="Test Sco
re",main="CA Test Score Data")[] 
 []


Overfull \hbox (59.37968pt too wide) in paragraph at lines 627--627
[]\T1/cmtt/m/n/10 plot(str,testscr,xlab="Student Teacher Ratio", ylab="Test Sco
re",main="CA Test Score Data")[] 
 []

[12]
Overfull \hbox (12.14122pt too wide) in paragraph at lines 638--638
[]\T1/cmtt/m/n/10 plot(testscr, meal_pct,xlab = "Test Score", ylab="Percentage 
reduced price lunch")[] 
 []


Overfull \hbox (1.64378pt too wide) in paragraph at lines 639--639
[]\T1/cmtt/m/n/10 plot(testscr, calw_pct,xlab = "Test Score", ylab="Percentage 
income assistance")[] 
 []

[13]
Overfull \hbox (48.88225pt too wide) in paragraph at lines 686--686
[]\T1/cmtt/m/n/10 legend(locator(1), legend=c("Normalized Dax", "Normalized FTS
E"), fill = c("blue","red"))[] 
 []


Overfull \hbox (2.20534pt too wide) in paragraph at lines 699--700
[]\T1/cmr/m/n/10 You can spec-ify ar-gu-ments ei-ther by re-gard-ing the or-der
 they need to be called (\T1/cmtt/m/n/10 log(10,10)\T1/cmr/m/n/10 )
 []

[14] [15] [16] [17]
Overfull \hbox (2.33049pt too wide) in paragraph at lines 925--926
[]\T1/cmr/m/n/10 Define a func-tion that com-putes the em-pir-i-cal raw mo-ment
 of or-der $\OML/cmm/m/it/10 p$ \T1/cmr/m/n/10 for a sam-ple $\OML/cmm/m/it/10 
x[]; [] ; x[]$\T1/cmr/m/n/10 ,
 []

[18] [19] [20] [21]
Overfull \hbox (7.44481pt too wide) in paragraph at lines 1151--1153
[]\T1/cmr/m/n/10 Create a plot show-ing the resid-u-als. Add the hor-i-zon-tal 
axis us-ing the com-mand \T1/cmtt/m/n/10 abline(h=0)
 []


Overfull \hbox (69.87712pt too wide) in paragraph at lines 1183--1183
[]\T1/cmtt/m/n/10 plot(str,testscr, xlab="Student-Teacher-Ratio", ylab="Testsco
re", main="Scatterplot", pch=20)[] 
 []

[22]
Overfull \hbox (69.87712pt too wide) in paragraph at lines 1188--1188
[]\T1/cmtt/m/n/10 plot(str,testscr, xlab="Student-Teacher-Ratio", ylab="Testsco
re", main="Scatterplot", pch=20)[] 
 []


Overfull \hbox (12.14122pt too wide) in paragraph at lines 1214--1214
[]\T1/cmtt/m/n/10 print(coeftest(regr,vcov=vcovHC)) #with this command you assu
me heteroscedasticity[] 
 []

[23] [24] [25] [26] [27] [28] [29]
Overfull \hbox (75.12584pt too wide) in paragraph at lines 1619--1619
[]\T1/cmtt/m/n/10 legend("topright", legend=c("Total","Chemistry", "Economics")
, fill = c("black","blue","red"))[] 
 []


Overfull \hbox (64.6284pt too wide) in paragraph at lines 1662--1662
[]\T1/cmtt/m/n/10 plot(Horstpaare, nichtehelich, xlab="Number storks", ylab="Nu
mber of out-of-wedlock births")[] 
 []

[30] [31] [32] [33] [34] [35]
Overfull \hbox (38.38481pt too wide) in paragraph at lines 1972--1972
[]  \T1/cmtt/m/n/10 z[i] <- mean(filter((1-rho)*mu+rnorm(i,sd=2),rho,method="re
cursive",init=(1-rho)*mu))[] 
 []


Overfull \hbox (1.64378pt too wide) in paragraph at lines 1977--1977
[]\T1/cmtt/m/n/10 plot(z, main="for intertemporal dependence AR(1)"); abline(h=
mu,lwd=2,col="red")[] 
 []

[36]
Overfull \hbox (48.88225pt too wide) in paragraph at lines 2023--2023
[]\T1/cmtt/m/n/10 plot(zn, main="for the variance (normal distrib.)"); abline(h
=variance_n,lwd=2,col="red")[] 
 []


Overfull \hbox (54.13097pt too wide) in paragraph at lines 2026--2026
[]\T1/cmtt/m/n/10 plot(zu, main="for the variance (uniform distrib.)"); abline(
h=variance_u,lwd=2,col="red")[] 
 []


Overfull \hbox (59.37968pt too wide) in paragraph at lines 2029--2029
[]\T1/cmtt/m/n/10 plot(zg, main="for the variance (geometr. distrib.)"); abline
(h=variance_g,lwd=2,col="red")[] 
 []

[37]
Overfull \hbox (33.1361pt too wide) in paragraph at lines 2041--2041
[]\T1/cmtt/m/n/10 plot(zt, main="for the variance (t-distrib. df=3)");abline(h=
variance,lwd=2,col="red")[] 
 []


Overfull \hbox (6.8925pt too wide) in paragraph at lines 2086--2086
[]  \T1/cmtt/m/n/10 M <- matrix(X, N, n) #matrix of N rows and n columns filled
 with random numbers[] 
 []


Overfull \hbox (48.88225pt too wide) in paragraph at lines 2090--2090
[]  \T1/cmtt/m/n/10 truehist(Zn, xlim = c(-4,4),ylim = c(0,0.5), main = paste("
n =", toString(n),sep =" "))[] 
 []

[38]
Overfull \hbox (22.63866pt too wide) in paragraph at lines 2107--2107
[]\T1/cmtt/m/n/10 #hint: it needs to start with n=2, for n=1 you get vari=0 and
 you cannot divide by 0[] 
 []


Overfull \hbox (6.8925pt too wide) in paragraph at lines 2110--2110
[]  \T1/cmtt/m/n/10 M <- matrix(X, N, n) #matrix of N rows and n columns filled
 with random numbers[] 
 []


Overfull \hbox (48.88225pt too wide) in paragraph at lines 2115--2115
[]  \T1/cmtt/m/n/10 truehist(Zn, xlim = c(-4,4),ylim = c(0,0.5), main = paste("
n =", toString(n),sep =" "))[] 
 []


Overfull \hbox (22.63866pt too wide) in paragraph at lines 2129--2129
[]\T1/cmtt/m/n/10 #hint: it needs to start with n=2, for n=1 you get vari=0 and
 you cannot divide by 0[] 
 []


Overfull \hbox (48.88225pt too wide) in paragraph at lines 2136--2136
[]  \T1/cmtt/m/n/10 truehist(Zn, xlim = c(-4,4),ylim = c(0,0.5), main = paste("
n =", toString(n),sep =" "))[] 
 []

[39] [40] [41]
Overfull \hbox (0.40022pt too wide) in paragraph at lines 2272--2272
 []\T1/cmtt/m/n/10 N <- 5000 # how many times to draw individual X_i's, note th
at i = 1,2,..,n[] 
 []


Overfull \hbox (68.63356pt too wide) in paragraph at lines 2275--2275
 []\T1/cmtt/m/n/10 sigma_eps <- 0.5 #this is the standard deviation of the rand
om term in the AR(1) process[] 
 []


Overfull \hbox (58.13612pt too wide) in paragraph at lines 2280--2280
 []  \T1/cmtt/m/n/10 X[j,] <- filter((1-rho)*mu+rnorm(n,sd=sigma),rho,method="r
ecursive",init=(1-rho)*mu)[] 
 []

[42] [43]
Overfull \hbox (20.84784pt too wide) in paragraph at lines 2371--2373
[]\T1/cmr/m/n/10 The limit dis-tri-bu-tion of $\OML/cmm/m/it/10 R[]$ \T1/cmr/m/
n/10 is the Gum-bel dis-tri-bu-tion. Add the Gum-bel den-sity $[] []$
 []


Overfull \hbox (38.38481pt too wide) in paragraph at lines 2386--2386
[]\T1/cmtt/m/n/10 X <- matrix(rnorm(N*n),N, n) #matrix of N rows and n columns 
filled with random numbers[] 
 []

[44]
Overfull \hbox (64.6284pt too wide) in paragraph at lines 2434--2434
[]\T1/cmtt/m/n/10 X <- matrix(rt(n*N,df=1.5), N, n) #matrix of N rows and n col
umns filled with random numbers[] 
 []


Overfull \hbox (43.63353pt too wide) in paragraph at lines 2478--2478
[]\T1/cmtt/m/n/10 X <- matrix(runif(n*N), N, n) #matrix of N rows and n columns
 filled with random numbers[] 
 []

[45] [46]
Overfull \hbox (3.11797pt too wide) detected at line 2537
[] \OT1/cmr/m/n/10 = \OT1/cmr/bx/n/10 1 [] \OMS/cmsy/m/n/10  \OML/cmm/m/it/10 
n \OT1/cmr/m/n/10 + [] \OMS/cmsy/m/n/10  [] [] \OML/cmm/m/it/10 X[]
 []

[47] [48] [49] [50] [51]
Overfull \hbox (31.89253pt too wide) in paragraph at lines 2820--2820
 []  \T1/cmtt/m/n/10 ahat[i] <- mean(x)/(mean(x)-1)         #moment estimator o
f alpha if K is known[] 
 []


Overfull \hbox (42.38997pt too wide) in paragraph at lines 2821--2821
 []  \T1/cmtt/m/n/10 ahat1[i] <- 1+sqrt(1+mean(x)^2/var(x)) #moment estimator o
f alpha if K is unknown[] 
 []

[52] [53] [54] [55] [56] [57] [58] [59]
Overfull \hbox (54.13097pt too wide) in paragraph at lines 3279--3279
[]\T1/cmtt/m/n/10 # Optimization, for start values one has to consider that the
 exponential function is very[] 
 []

[60] [61]
Overfull \hbox (69.87712pt too wide) in paragraph at lines 3389--3389
[]  \T1/cmtt/m/n/10 cens   <- sum(log(pnorm((-x1[idx_cens]*beta1-x2[idx_cens]*b
eta2-x3[idx_cens]*beta3)/sigm)))[] 
 []

[62] [63]
Overfull \hbox (43.63353pt too wide) in paragraph at lines 3524--3524
[]  \T1/cmtt/m/n/10 summanden <- y*log(pnorm(vals, mean=0, sd=1)) + (1-y)*log(1
-pnorm(vals, mean=0, sd=1))[] 
 []

[64]
Overfull \hbox (64.6284pt too wide) in paragraph at lines 3580--3580
[]\T1/cmtt/m/n/10 plot(sampleSizes, param[,1], xlab="Stichprobengröÿe", ylab="b
eta1", main="Gleichverteilung",[] 
 []


Overfull \hbox (64.6284pt too wide) in paragraph at lines 3581--3581
[]                                                                             
   \T1/cmtt/m/n/10 ylim=c(1,3))[] 
 []


Overfull \hbox (69.87712pt too wide) in paragraph at lines 3584--3584
[]\T1/cmtt/m/n/10 plot(sampleSizes, param[,2],, xlab="Stichprobengröÿe", ylab="
beta0", main="Gleichverteilung",[] 
 []


Overfull \hbox (75.12584pt too wide) in paragraph at lines 3585--3585
[]                                                                             
   \T1/cmtt/m/n/10 ylim=c(-2,-1))[] 
 []


Overfull \hbox (64.6284pt too wide) in paragraph at lines 3594--3594
[]\T1/cmtt/m/n/10 plot(sampleSizes, param[,1], xlab="Stichprobengröÿe", ylab="b
eta1", main="Normalverteilung",[] 
 []

[65]
Overfull \hbox (64.6284pt too wide) in paragraph at lines 3595--3595
[]                                                                             
   \T1/cmtt/m/n/10 ylim=c(1,3))[] 
 []


Overfull \hbox (69.87712pt too wide) in paragraph at lines 3598--3598
[]\T1/cmtt/m/n/10 plot(sampleSizes, param[,2],, xlab="Stichprobengröÿe", ylab="
beta0", main="Normalverteilung",[] 
 []


Overfull \hbox (75.12584pt too wide) in paragraph at lines 3599--3599
[]                                                                             
   \T1/cmtt/m/n/10 ylim=c(-2,-1))[] 
 []

[66]
Overfull \hbox (12.14122pt too wide) in paragraph at lines 3700--3700
[]\T1/cmtt/m/n/10 obj2 <- optim(par=rep(beta_anf,numVar),neglogitloglik,x=erkl,
 y=zuerkl, hessian=T)[] 
 []

[67] [68]
Overfull \hbox (33.97572pt too wide) in paragraph at lines 3826--3826
[] 
 []


Overfull \hbox (16.14638pt too wide) in paragraph at lines 3845--3845
 []\T1/cmtt/m/n/10 womanwk$inlf <- rep(1,dim(womanwk)[1]); womanwk$inlf[is.na(w
omanwk$wage)] <- 0[] 
 []

[69]
Overfull \hbox (63.38484pt too wide) in paragraph at lines 3873--3873
 []  \T1/cmtt/m/n/10 #rho <- -1 + 0.5*(1+1)*(1+tanh(rho_aux)) #this constraints
 rho to be between -1 and 1[] 
 []


Overfull \hbox (84.37971pt too wide) in paragraph at lines 3874--3874
 []  \T1/cmtt/m/n/10 rho <- (exp(2*rho_aux)-1)/(1+exp(2*rho_aux)) #this constra
ints rho to be between -1 and 1[] 
 []


Overfull \hbox (73.88228pt too wide) in paragraph at lines 3881--3881
 []  \T1/cmtt/m/n/10 sum3 <- sum(log(pnorm( (W_gam[z==1]+rho*(y[z==1]-X_bet[z==
1])/sigm)/(sqrt(1-rho^2)) )))[] 
 []


Overfull \hbox (73.88228pt too wide) in paragraph at lines 3885--3885
 []\T1/cmtt/m/n/10 #Finding good starting values is hard, an alternative method
 is Heckman's two-step method[] 
 []

[70]
Overfull \hbox (58.13612pt too wide) in paragraph at lines 3890--3890
 []\T1/cmtt/m/n/10 W <- as.matrix(cbind(1, womanwk$married, womanwk$children, w
omanwk$age, womanwk$educ))[] 
 []

[71]
Overfull \hbox (38.38481pt too wide) in paragraph at lines 3984--3984
[]\T1/cmtt/m/n/10 out <- optim(par=c(-1,0.01,0.01,-0.01,0.01,0.01,0.01), fn=neg
_ll,dat=players,hessian=T)[] 
 []

[72] [73] [74]
Overfull \hbox (0.40022pt too wide) in paragraph at lines 4150--4150
 []\T1/cmtt/m/n/10 opt <- optim(c(7, 0.3, 0.7, 10, 3), neg_log_likeli, daten=da
ten, hessian=T)[] 
 []


Overfull \hbox (37.14125pt too wide) in paragraph at lines 4159--4159
 []\T1/cmtt/m/n/10 ##Standardfehler: Problem mit negativen Werten, hier kleine 
Stichprobe das Problem[] 
 []


Overfull \hbox (47.63869pt too wide) in paragraph at lines 4163--4163
 []\T1/cmtt/m/n/10 epsilon <- log(daten$ValueAdd)-log(A)-alpha*log(daten$Capita
l)-beta*log(daten$Labor)[] 
 []

[75]
Overfull \hbox (73.88228pt too wide) in paragraph at lines 4166--4166
 []\T1/cmtt/m/n/10 curve(lambda*exp(lambda*x+lambda^2/2*sigma^2)*pnorm(-x/sigma
-lambda*sigma, mean=0, sd=1),[] 
 []


Overfull \hbox (68.63356pt too wide) in paragraph at lines 4167--4167
 []                                                        \T1/cmtt/m/n/10 from
=-1, to=1, add=T, col="red")[] 
 []


Overfull \hbox (35.66513pt too wide) in paragraph at lines 4219--4219
[] 
 []

[76] [77] [78] [79]
Overfull \hbox (47.63869pt too wide) in paragraph at lines 4386--4386
 []            \T1/cmtt/m/n/10 + (alpha-1)*sum(log(t[idx_uncens])) - sum((t^alp
ha)*exp(alpha*X%*%beta))[] 
 []

[80]
Overfull \hbox (2.18117pt too wide) in paragraph at lines 4476--4486
\T1/cmr/m/n/10 low-ing re-sults for de-ter-mi-nants (of suit-able ma-tri-ces) m
ay also help: $[] [] \OT1/cmr/m/n/10 = [] \OML/cmm/m/it/10 A [] B$\T1/cmr/m/n/1
0 ,
 []

[81] [82] [83] [84] [85] [86] [87] [88] [89] [90] [91]
Overfull \hbox (22.63866pt too wide) in paragraph at lines 5121--5121
[]\T1/cmtt/m/n/10 WuRegr <- lm(m[5:TT] ~ Pw%*%r[5:TT] + r[5:TT] + y[5:TT] + m[4
:(TT-1)] + m[3:(TT-2)])[] 
 []


Overfull \hbox (64.6284pt too wide) in paragraph at lines 5139--5139
[]\T1/cmtt/m/n/10 linearHypothesis(IV,paste("r[5:TT]=",OLS$coefficients[2]),V=c
ovmat) # H0 can not be rejected[] 
 []


Overfull \hbox (38.38481pt too wide) in paragraph at lines 5146--5146
[]\T1/cmtt/m/n/10 obj <- summary(lm(u ~ r[4:(TT-1)] + r[3:(TT-2)] + y[5:TT] + m
[4:(TT-1)] + m[3:(TT-2)]))[] 
 []

[92]
Overfull \hbox (64.6284pt too wide) in paragraph at lines 5150--5150
[]\T1/cmtt/m/n/10 #This strongly suggests that either at least one of rt-1 and 
rt-2 is not a valid instrument,[] 
 []


Overfull \hbox (22.63866pt too wide) in paragraph at lines 5151--5151
[]\T1/cmtt/m/n/10 #or that the model is misspecified. Here the latter is more s
ensible, in particular,[] 
 []

[93]
Overfull \hbox (17.38994pt too wide) in paragraph at lines 5226--5226
[]\T1/cmtt/m/n/10 regr <- lm(weeksm1 ~ morekids + boy1st + boy2nd + agem1 + bla
ck + hispan + othrace)[] 
 []

[94] [95]

LaTeX Warning: Characters dropped after `\end{verbatim}' on input line 5319.

[96] [97]
Overfull \hbox (27.88737pt too wide) in paragraph at lines 5453--5453
[]\T1/cmtt/m/n/10 g(c(1,0.1,1),cbind(y,x)) # g gives you a nxq matrix with n ob
servations and q moments[] 
 []

[98]
Overfull \hbox (43.63353pt too wide) in paragraph at lines 5459--5459
[]\T1/cmtt/m/n/10 #depends on the start-values, in order to be more precise one
 could specify the gradient[] 
 []

[99]
Overfull \hbox (17.38994pt too wide) in paragraph at lines 5531--5531
[]\T1/cmtt/m/n/10 g(c(1,0.5,1.2),olsgmm) # g gives you a nxq matrix with n obse
rvations and q moments[] 
 []

[100] [101] [102] [103] [104] [105]
Overfull \hbox (27.88737pt too wide) in paragraph at lines 5915--5915
[]\T1/cmtt/m/n/10 mode(r) # problem is in the data: r is a list and not numeric
. gmm needs numeric data[] 
 []

[106] [107] [108] [109]
Overfull \hbox (12.14122pt too wide) in paragraph at lines 6105--6105
[]\T1/cmtt/m/n/10 #Define function that estimates the ar process for different 
values of rho,n and R[] 
 []

[110]
Overfull \hbox (85.62328pt too wide) in paragraph at lines 6147--6147
[]      \T1/cmtt/m/n/10 simdata <- filter(rnorm(n),rho,method="r",init=rnorm(1)
) #simulated data depending on beta[] 
 []


Overfull \hbox (1.64378pt too wide) in paragraph at lines 6148--6148
[]      \T1/cmtt/m/n/10 thetahatsim[h] <- ar(simdata,aic=F,order = 1)$ar       
   #store estimator[] 
 []


Overfull \hbox (12.14122pt too wide) in paragraph at lines 6159--6159
[]\T1/cmtt/m/n/10 truedata <- filter(rnorm(n),0.9,method="r",init=rnorm(1)) #tr
ue model with rho=0.8[] 
 []

[111] [112]
Overfull \hbox (22.63866pt too wide) in paragraph at lines 6282--6282
[]\T1/cmtt/m/n/10 simdat <- sde.sim(t0=0,T=200,X0=tet1/tet2,N=200,theta=c(tet1,
tet2,tet3),model="CIR")[] 
 []


Overfull \hbox (27.88737pt too wide) in paragraph at lines 6290--6290
[]\T1/cmtt/m/n/10 #2) Estimation of auxiliary AR(1)-model: Define Functions for
 OLS-model and GMM-model[] 
 []

[113]
Overfull \hbox (75.12584pt too wide) in paragraph at lines 6339--6339
[]\T1/cmtt/m/n/10 #the data, steps, matrix of weights, starting values, auxilia
ry model and optim or constrOptim[] 
 []


Overfull \hbox (22.63866pt too wide) in paragraph at lines 6342--6342
[]  \T1/cmtt/m/n/10 thetahat <- AuxMod(dat=truedata,startval=startval) #auxilia
ry model with true data[] 
 []


Overfull \hbox (48.88225pt too wide) in paragraph at lines 6349--6349
[]      \T1/cmtt/m/n/10 simdata <- sde.sim(t0=0,T=200,X0=theta1/theta2,N=200,th
eta=c(theta1,theta2,theta3),[] 
 []

[114]
Overfull \hbox (27.88737pt too wide) in paragraph at lines 6361--6361
[]    \T1/cmtt/m/n/10 res <- constrOptim(startval,f,ui=rbind(c(1,0,0),c(0,-1,0)
,c(0,0,1)),ci=c(0,-2,0),[] 
 []


Overfull \hbox (33.1361pt too wide) in paragraph at lines 6362--6362
[]                                                                 \T1/cmtt/m/n
/10 method="Nelder-Mead")[] 
 []


Overfull \hbox (48.88225pt too wide) in paragraph at lines 6365--6365
[]    \T1/cmtt/m/n/10 res <- optim(startval,f,lower=c(0.01,0.01,0.01),upper=c(I
nf,2,Inf),method="L-BFGS-B")[] 
 []


Overfull \hbox (27.88737pt too wide) in paragraph at lines 6385--6385
[]\T1/cmtt/m/n/10 resultOLS <- CIRIndirect(truedata=cirpath$x,H=10,W=diag(3),st
artval=c(0.03,0.5,0.08),[] 
 []


Overfull \hbox (17.38994pt too wide) in paragraph at lines 6386--6386
[]                                                                      \T1/cmt
t/m/n/10 GMM=F,fast=T)[] 
 []


Overfull \hbox (33.1361pt too wide) in paragraph at lines 6388--6388
[]\T1/cmtt/m/n/10 resultOLS1 <- CIRIndirect(truedata=cirpath$x,H=10,W=diag(3),s
tartval=c(0.02,0.4,0.07),[] 
 []


Overfull \hbox (17.38994pt too wide) in paragraph at lines 6389--6389
[]                                                                      \T1/cmt
t/m/n/10 GMM=F,fast=T)[] 
 []


Overfull \hbox (27.88737pt too wide) in paragraph at lines 6391--6391
[]\T1/cmtt/m/n/10 resultGMM <- CIRIndirect(truedata=cirpath$x,H=10,W=diag(3),st
artval=c(0.03,0.5,0.08),[] 
 []


Overfull \hbox (17.38994pt too wide) in paragraph at lines 6392--6392
[]                                                                      \T1/cmt
t/m/n/10 GMM=T,fast=T)[] 
 []


Overfull \hbox (33.1361pt too wide) in paragraph at lines 6394--6394
[]\T1/cmtt/m/n/10 resultGMM1 <- CIRIndirect(truedata=cirpath$x,H=10,W=diag(3),s
tartval=c(0.02,0.4,0.07),[] 
 []


Overfull \hbox (17.38994pt too wide) in paragraph at lines 6395--6395
[]                                                                      \T1/cmt
t/m/n/10 GMM=T,fast=T)[] 
 []


Overfull \hbox (48.88225pt too wide) in paragraph at lines 6399--6399
[]\T1/cmtt/m/n/10 resultOLSslow <- CIRIndirect(truedata=cirpath$x,H=10,W=diag(3
),startval=c(0.03,0.5,0.08),[] 
 []


Overfull \hbox (48.88225pt too wide) in paragraph at lines 6400--6400
[]                                                                      \T1/cmt
t/m/n/10 GMM=F,fast=F) #slow[] 
 []


Overfull \hbox (48.88225pt too wide) in paragraph at lines 6402--6402
[]\T1/cmtt/m/n/10 resultGMMslow <- CIRIndirect(truedata=cirpath$x,H=10,W=diag(3
),startval=c(0.03,0.5,0.08),[] 
 []

[115]
Overfull \hbox (75.12584pt too wide) in paragraph at lines 6403--6403
[]                                                                      \T1/cmt
t/m/n/10 GMM=T,fast=F) #very slow[] 
 []


Overfull \hbox (22.63866pt too wide) in paragraph at lines 6409--6409
[]\T1/cmtt/m/n/10 simdat <- sde.sim(t0=0,T=200,X0=tet1/tet2,N=200,theta=c(tet1,
tet2,tet3),model="CIR")[] 
 []


Overfull \hbox (43.63353pt too wide) in paragraph at lines 6411--6411
[]\T1/cmtt/m/n/10 r1 <- CIRIndirect(truedata=simdat,H=10,W=diag(3),startval=c(0
.03,0.5,0.08),GMM=F,fast=T)[] 
 []


Overfull \hbox (43.63353pt too wide) in paragraph at lines 6412--6412
[]\T1/cmtt/m/n/10 r2 <- CIRIndirect(truedata=simdat,H=10,W=diag(3),startval=c(0
.03,0.5,0.08),GMM=F,fast=F)[] 
 []


Overfull \hbox (43.63353pt too wide) in paragraph at lines 6413--6413
[]\T1/cmtt/m/n/10 r3 <- CIRIndirect(truedata=simdat,H=10,W=diag(3),startval=c(0
.03,0.5,0.08),GMM=T,fast=T)[] 
 []


Overfull \hbox (43.63353pt too wide) in paragraph at lines 6414--6414
[]\T1/cmtt/m/n/10 r4 <- CIRIndirect(truedata=simdat,H=10,W=diag(3),startval=c(0
.03,0.5,0.08),GMM=T,fast=F)[] 
 []


Overfull \hbox (43.63353pt too wide) in paragraph at lines 6415--6415
[]\T1/cmtt/m/n/10 r5 <- CIRIndirect(truedata=simdat,H=10,W=diag(3),startval=c(0
.02,0.4,0.07),GMM=T,fast=T)[] 
 []

[116]
Overfull \hbox (6.8925pt too wide) in paragraph at lines 6497--6497
[]  \T1/cmtt/m/n/10 X <- sde.sim(t0=0,T=100,X0=2, N=100,theta=c(lambda*mu,lambd
a,sigma),model="OU")[] 
 []


Overfull \hbox (17.38994pt too wide) in paragraph at lines 6507--6507
[]    \T1/cmtt/m/n/10 X <- sde.sim(t0=0,T=100,X0=2, N=100,theta=c(lambda*mu,lam
bda,sigma),model="OU")[] 
 []

[117]
Overfull \hbox (75.12584pt too wide) in paragraph at lines 6534--6534
[]        \T1/cmtt/m/n/10 simdata <- sde.sim(t0=0,T=100,X0=mu, N=100,theta=c(la
mbda*mu,lambda,sigma),model="OU")[] 
 []

[118] [119] [120]
Overfull \hbox (33.1361pt too wide) in paragraph at lines 6682--6682
[]\T1/cmtt/m/n/10 print(colMeans(betastar)-c(beta2hat,beta3hat)) #omitted varia
ble bias does not go away[] 
 []


Overfull \hbox (33.1361pt too wide) in paragraph at lines 6703--6703
[]\T1/cmtt/m/n/10 print(colMeans(betastar)-c(beta2hat,beta3hat)) #omitted varia
ble bias does not go away[] 
 []

[121] [122] [123] [124] [125] [126]
Overfull \hbox (80.37456pt too wide) in paragraph at lines 7048--7048
[]  \T1/cmtt/m/n/10 bootmod <- ivreg(mtstar~rtstar+ytstar+mt1star+mt2star|rt1st
ar+rt2star+ytstar+mt1star+mt2star)[] 
 []

[127]
Overfull \hbox (48.88225pt too wide) in paragraph at lines 7136--7136
[]    \T1/cmtt/m/n/10 if(Fstat/H0<critlow | Fstat/H0>crithigh)  print("Reject")
 else print("Do not reject")[] 
 []

[128]
Overfull \hbox (75.12584pt too wide) in paragraph at lines 7162--7162
[]    \T1/cmtt/m/n/10 if(Fstat/H0<critlow | Fstat/H0>crithigh) print("Reject H0
") else print("Do not reject H0")[] 
 []

[129] [130] [131] [132]
Package atveryend Info: Empty hook `BeforeClearDocument' on input line 7440.
 [133]
Package atveryend Info: Empty hook `AfterLastShipout' on input line 7440.
 (exercises.aux)
Package atveryend Info: Executing hook `AtVeryEndDocument' on input line 7440.
Package atveryend Info: Executing hook `AtEndAfterFileList' on input line 7440.

Package rerunfilecheck Info: File `exercises.out' has not changed.
(rerunfilecheck)             Checksum: A8DCDFA03A34F5B70EAE0B47B655C376;8008.
Package atveryend Info: Empty hook `AtVeryVeryEnd' on input line 7440.
 ) 
Here is how much of TeX's memory you used:
 8092 strings out of 493634
 109216 string characters out of 3143733
 211108 words of memory out of 3000000
 10651 multiletter control sequences out of 15000+200000
 26996 words of font info for 72 fonts, out of 3000000 for 9000
 1025 hyphenation exceptions out of 8191
 33i,17n,43p,1513b,627s stack positions out of 5000i,500n,10000p,200000b,50000s
{C:/Program Files/MiKTeX 2.9/fonts/enc/dvips/cm-super/cm-super-t1.enc}<C:/Pro
gram Files/MiKTeX 2.9/fonts/type1/public/amsfonts/cm/cmbx10.pfb><C:/Program Fil
es/MiKTeX 2.9/fonts/type1/public/amsfonts/cm/cmex10.pfb><C:/Program Files/MiKTe
X 2.9/fonts/type1/public/amsfonts/cmextra/cmex7.pfb><C:/Program Files/MiKTeX 2.
9/fonts/type1/public/amsfonts/cm/cmmi10.pfb><C:/Program Files/MiKTeX 2.9/fonts/
type1/public/amsfonts/cm/cmmi5.pfb><C:/Program Files/MiKTeX 2.9/fonts/type1/pub
lic/amsfonts/cm/cmmi7.pfb><C:/Program Files/MiKTeX 2.9/fonts/type1/public/amsfo
nts/cm/cmmi8.pfb><C:/Program Files/MiKTeX 2.9/fonts/type1/public/amsfonts/cm/cm
r10.pfb><C:/Program Files/MiKTeX 2.9/fonts/type1/public/amsfonts/cm/cmr5.pfb><C
:/Program Files/MiKTeX 2.9/fonts/type1/public/amsfonts/cm/cmr7.pfb><C:/Program 
Files/MiKTeX 2.9/fonts/type1/public/amsfonts/cm/cmr8.pfb><C:/Program Files/MiKT
eX 2.9/fonts/type1/public/amsfonts/cm/cmsy10.pfb><C:/Program Files/MiKTeX 2.9/f
onts/type1/public/amsfonts/cm/cmsy5.pfb><C:/Program Files/MiKTeX 2.9/fonts/type
1/public/amsfonts/cm/cmsy7.pfb><C:/Program Files/MiKTeX 2.9/fonts/type1/public/
amsfonts/cm/cmtt10.pfb><C:/Program Files/MiKTeX 2.9/fonts/type1/public/amsfonts
/symbols/msam10.pfb><C:/Program Files/MiKTeX 2.9/fonts/type1/public/amsfonts/sy
mbols/msbm10.pfb><C:/Program Files/MiKTeX 2.9/fonts/type1/public/cm-super/sfbx1
000.pfb><C:/Program Files/MiKTeX 2.9/fonts/type1/public/cm-super/sfbx1200.pfb><
C:/Program Files/MiKTeX 2.9/fonts/type1/public/cm-super/sfbx1440.pfb><C:/Progra
m Files/MiKTeX 2.9/fonts/type1/public/cm-super/sfit1000.pfb><C:/Program Files/M
iKTeX 2.9/fonts/type1/public/cm-super/sfrm0600.pfb><C:/Program Files/MiKTeX 2.9
/fonts/type1/public/cm-super/sfrm0700.pfb><C:/Program Files/MiKTeX 2.9/fonts/ty
pe1/public/cm-super/sfrm0800.pfb><C:/Program Files/MiKTeX 2.9/fonts/type1/publi
c/cm-super/sfrm0900.pfb><C:/Program Files/MiKTeX 2.9/fonts/type1/public/cm-supe
r/sfrm1000.pfb><C:/Program Files/MiKTeX 2.9/fonts/type1/public/cm-super/sfrm120
0.pfb><C:/Program Files/MiKTeX 2.9/fonts/type1/public/cm-super/sfrm1728.pfb><C:
/Program Files/MiKTeX 2.9/fonts/type1/public/cm-super/sfsl1000.pfb><C:/Program 
Files/MiKTeX 2.9/fonts/type1/public/cm-super/sfti0800.pfb><C:/Program Files/MiK
TeX 2.9/fonts/type1/public/cm-super/sfti1000.pfb><C:/Program Files/MiKTeX 2.9/f
onts/type1/public/cm-super/sftt0800.pfb><C:/Program Files/MiKTeX 2.9/fonts/type
1/public/cm-super/sftt1000.pfb>
Output written on exercises.pdf (138 pages, 1074625 bytes).
PDF statistics:
 1910 PDF objects out of 2073 (max. 8388607)
 709 named destinations out of 1000 (max. 500000)
 857 words of extra memory for PDF output out of 10000 (max. 10000000)

