\BOOKMARK [1][-]{section.1}{A short introduction to R}{}% 1
\BOOKMARK [2][-]{subsection.1.1}{Starting and quitting}{section.1}% 2
\BOOKMARK [2][-]{subsection.1.2}{Scripts}{section.1}% 3
\BOOKMARK [2][-]{subsection.1.3}{Working directory}{section.1}% 4
\BOOKMARK [2][-]{subsection.1.4}{Help and comments}{section.1}% 5
\BOOKMARK [2][-]{subsection.1.5}{Packages}{section.1}% 6
\BOOKMARK [1][-]{section.2}{Importing data into R}{}% 7
\BOOKMARK [2][-]{subsection.2.1}{Reading text files}{section.2}% 8
\BOOKMARK [2][-]{subsection.2.2}{Reading excel files}{section.2}% 9
\BOOKMARK [2][-]{subsection.2.3}{Other data formats}{section.2}% 10
\BOOKMARK [2][-]{subsection.2.4}{Missing values and trimming}{section.2}% 11
\BOOKMARK [1][-]{section.3}{Describing data in R}{}% 12
\BOOKMARK [2][-]{subsection.3.1}{Head and tail}{section.3}% 13
\BOOKMARK [2][-]{subsection.3.2}{Attaching dataframes}{section.3}% 14
\BOOKMARK [2][-]{subsection.3.3}{Simple plots}{section.3}% 15
\BOOKMARK [2][-]{subsection.3.4}{Stock returns}{section.3}% 16
\BOOKMARK [1][-]{section.4}{Graphics with R }{}% 17
\BOOKMARK [2][-]{subsection.4.1}{School data}{section.4}% 18
\BOOKMARK [2][-]{subsection.4.2}{Index returns}{section.4}% 19
\BOOKMARK [1][-]{section.5}{Programming with R}{}% 20
\BOOKMARK [2][-]{subsection.5.1}{Using functions}{section.5}% 21
\BOOKMARK [2][-]{subsection.5.2}{Sequences and other vectors}{section.5}% 22
\BOOKMARK [2][-]{subsection.5.3}{Random numbers}{section.5}% 23
\BOOKMARK [2][-]{subsection.5.4}{Loops}{section.5}% 24
\BOOKMARK [2][-]{subsection.5.5}{Functions}{section.5}% 25
\BOOKMARK [2][-]{subsection.5.6}{Numerical optimization}{section.5}% 26
\BOOKMARK [1][-]{section.6}{Probability theory}{}% 27
\BOOKMARK [2][-]{subsection.6.1}{Moments}{section.6}% 28
\BOOKMARK [1][-]{section.7}{Multiple linear regression}{}% 29
\BOOKMARK [2][-]{subsection.7.1}{Student teacher ratio \(I\)}{section.7}% 30
\BOOKMARK [2][-]{subsection.7.2}{Capital asset pricing model}{section.7}% 31
\BOOKMARK [2][-]{subsection.7.3}{Student teacher ratio \(II\)}{section.7}% 32
\BOOKMARK [2][-]{subsection.7.4}{Omitted variable bias}{section.7}% 33
\BOOKMARK [2][-]{subsection.7.5}{Asymptotic normality}{section.7}% 34
\BOOKMARK [2][-]{subsection.7.6}{Pitfalls in the linear regression model \(I\)}{section.7}% 35
\BOOKMARK [2][-]{subsection.7.7}{Pitfalls in the linear regression model \(II\)}{section.7}% 36
\BOOKMARK [2][-]{subsection.7.8}{Pitfalls in the linear regression model \(III\)}{section.7}% 37
\BOOKMARK [1][-]{section.8}{Multivariate random variables}{}% 38
\BOOKMARK [2][-]{subsection.8.1}{Joint distributions}{section.8}% 39
\BOOKMARK [2][-]{subsection.8.2}{Gaussianity or else?}{section.8}% 40
\BOOKMARK [2][-]{subsection.8.3}{Gaussian and uncorrelated, but dependent}{section.8}% 41
\BOOKMARK [1][-]{section.9}{Stochastic convergence and limit theorems}{}% 42
\BOOKMARK [2][-]{subsection.9.1}{Law of large numbers}{section.9}% 43
\BOOKMARK [2][-]{subsection.9.2}{Law of large numbers for the variance}{section.9}% 44
\BOOKMARK [2][-]{subsection.9.3}{Central limit theorem}{section.9}% 45
\BOOKMARK [2][-]{subsection.9.4}{Central limit theorem for dependent data}{section.9}% 46
\BOOKMARK [2][-]{subsection.9.5}{Delta method}{section.9}% 47
\BOOKMARK [2][-]{subsection.9.6}{Limits of maxima \(I\)}{section.9}% 48
\BOOKMARK [2][-]{subsection.9.7}{Limits of maxima \(II\)}{section.9}% 49
\BOOKMARK [2][-]{subsection.9.8}{Limits of maxima \(III\)}{section.9}% 50
\BOOKMARK [1][-]{section.10}{Estimators and their properties}{}% 51
\BOOKMARK [2][-]{subsection.10.1}{Counter examples}{section.10}% 52
\BOOKMARK [1][-]{section.11}{Least Squares and Method of Moments}{}% 53
\BOOKMARK [2][-]{subsection.11.1}{Nonlinear least squares}{section.11}% 54
\BOOKMARK [2][-]{subsection.11.2}{Method of moments for the binomial distribution}{section.11}% 55
\BOOKMARK [2][-]{subsection.11.3}{Method of moments for the geometric distribution}{section.11}% 56
\BOOKMARK [2][-]{subsection.11.4}{Method of moments for the Gumbel distribution}{section.11}% 57
\BOOKMARK [2][-]{subsection.11.5}{Method of moments for the Pareto distribution}{section.11}% 58
\BOOKMARK [2][-]{subsection.11.6}{Method of moments for the uniform distribution}{section.11}% 59
\BOOKMARK [2][-]{subsection.11.7}{Method of moments for the linear regression model}{section.11}% 60
\BOOKMARK [1][-]{section.12}{Maximum likelihood estimation}{}% 61
\BOOKMARK [2][-]{subsection.12.1}{Extreme values}{section.12}% 62
\BOOKMARK [2][-]{subsection.12.2}{Parameters of the uniform distribution}{section.12}% 63
\BOOKMARK [2][-]{subsection.12.3}{Censored lognormal distribution}{section.12}% 64
\BOOKMARK [2][-]{subsection.12.4}{Exponential model}{section.12}% 65
\BOOKMARK [2][-]{subsection.12.5}{Tobit model}{section.12}% 66
\BOOKMARK [2][-]{subsection.12.6}{Probit model}{section.12}% 67
\BOOKMARK [2][-]{subsection.12.7}{Logit model}{section.12}% 68
\BOOKMARK [2][-]{subsection.12.8}{Sample selectivity: Heckman regression}{section.12}% 69
\BOOKMARK [2][-]{subsection.12.9}{Count data}{section.12}% 70
\BOOKMARK [2][-]{subsection.12.10}{Stochastic frontier analysis}{section.12}% 71
\BOOKMARK [2][-]{subsection.12.11}{ARCH models}{section.12}% 72
\BOOKMARK [2][-]{subsection.12.12}{Duration models}{section.12}% 73
\BOOKMARK [2][-]{subsection.12.13}{Ultra-high-frequency data}{section.12}% 74
\BOOKMARK [2][-]{subsection.12.14}{Spatial dependence}{section.12}% 75
\BOOKMARK [1][-]{section.13}{Instrumental variables}{}% 76
\BOOKMARK [2][-]{subsection.13.1}{The miracle of the instruments}{section.13}% 77
\BOOKMARK [2][-]{subsection.13.2}{Linear combinations of instruments}{section.13}% 78
\BOOKMARK [2][-]{subsection.13.3}{Compulsory School Attendance}{section.13}% 79
\BOOKMARK [2][-]{subsection.13.4}{A simple example}{section.13}% 80
\BOOKMARK [2][-]{subsection.13.5}{Money demand}{section.13}% 81
\BOOKMARK [2][-]{subsection.13.6}{Tests for the IV model}{section.13}% 82
\BOOKMARK [1][-]{section.14}{GMM}{}% 83
\BOOKMARK [2][-]{subsection.14.1}{The R package gmm}{section.14}% 84
\BOOKMARK [2][-]{subsection.14.2}{Nonlinear least squares estimation and GMM}{section.14}% 85
\BOOKMARK [2][-]{subsection.14.3}{Ordinary least squares estimation and GMM}{section.14}% 86
\BOOKMARK [2][-]{subsection.14.4}{Maximum likelihood estimation and GMM}{section.14}% 87
\BOOKMARK [2][-]{subsection.14.5}{Instrumental variables estimation and GMM}{section.14}% 88
\BOOKMARK [2][-]{subsection.14.6}{Moment conditions and moment existence}{section.14}% 89
\BOOKMARK [2][-]{subsection.14.7}{Standard CAPM}{section.14}% 90
\BOOKMARK [2][-]{subsection.14.8}{Consumption-based CAPM}{section.14}% 91
\BOOKMARK [2][-]{subsection.14.9}{Minimum distance estimation}{section.14}% 92
\BOOKMARK [1][-]{section.15}{Indirect inference}{}% 93
\BOOKMARK [2][-]{subsection.15.1}{AR\(1\) processes}{section.15}% 94
\BOOKMARK [2][-]{subsection.15.2}{Filter models using the Kalman filter}{section.15}% 95
\BOOKMARK [2][-]{subsection.15.3}{Estimation of the Cox-Ingersoll-Ross model}{section.15}% 96
\BOOKMARK [2][-]{subsection.15.4}{Ornstein-Uhlenbeck process}{section.15}% 97
\BOOKMARK [2][-]{subsection.15.5}{Time-aggregated observations}{section.15}% 98
\BOOKMARK [1][-]{section.16}{Bootstrap}{}% 99
\BOOKMARK [2][-]{subsection.16.1}{Omitted variables bias does not go away}{section.16}% 100
\BOOKMARK [2][-]{subsection.16.2}{Confidence intervals for the Gini index}{section.16}% 101
\BOOKMARK [2][-]{subsection.16.3}{Confidence intervals for correlation coefficients}{section.16}% 102
\BOOKMARK [2][-]{subsection.16.4}{The t-test}{section.16}% 103
\BOOKMARK [2][-]{subsection.16.5}{The percentile-t-method}{section.16}% 104
\BOOKMARK [2][-]{subsection.16.6}{Heavy tails and variance testing}{section.16}% 105
\BOOKMARK [2][-]{subsection.16.7}{Time series}{section.16}% 106
\BOOKMARK [2][-]{subsection.16.8}{Bootstrap test for the Zipf index of city size distributions}{section.16}% 107
